-------------------------------------------------------------------------------
Test set: com.springboot.blog.SpringbootBlogRestApiApplicationTests
-------------------------------------------------------------------------------
Tests run: 1, Failures: 0, Errors: 1, Skipped: 0, Time elapsed: 0.791 s <<< FAILURE! - in com.springboot.blog.SpringbootBlogRestApiApplicationTests
com.springboot.blog.SpringbootBlogRestApiApplicationTests  Time elapsed: 0.788 s  <<< ERROR!
java.lang.IllegalStateException: Unable to find a @SpringBootConfiguration, you need to use @ContextConfiguration or @SpringBootTest(classes=...) with your test

