<?xml version="1.0" encoding="UTF-8"?>
<testsuite xmlns:xsi="http://www.w3.org/2001/XMLSchema-instance" xsi:noNamespaceSchemaLocation="https://maven.apache.org/surefire/maven-surefire-plugin/xsd/surefire-test-report.xsd" name="com.springboot.blog.SpringbootBlogRestApiApplicationTests" time="0.791" tests="1" errors="1" skipped="0" failures="0">
  <properties>
[...]
</properties>
  <testcase name="com.springboot.blog.SpringbootBlogRestApiApplicationTests" classname="com.springboot.blog.SpringbootBlogRestApiApplicationTests" time="0.788">
    <error message="Unable to find a @SpringBootConfiguration, you need to use @ContextConfiguration or @SpringBootTest(classes=...) with your test" type="java.lang.IllegalStateException">java.lang.IllegalStateException: Unable to find a @SpringBootConfiguration, you need to use @ContextConfiguration or @SpringBootTest(classes=...) with your test
</error>
    <system-out><![CDATA[22:11:24.309 [main] DEBUG org.springframework.test.context.BootstrapUtils - Instantiating CacheAwareContextLoaderDelegate from class [org.springframework.test.context.cache.DefaultCacheAwareContextLoaderDelegate]
22:11:24.331 [main] DEBUG org.springframework.test.context.BootstrapUtils - Instantiating BootstrapContext using constructor [public org.springframework.test.context.support.DefaultBootstrapContext(java.lang.Class,org.springframework.test.context.CacheAwareContextLoaderDelegate)]
22:11:24.403 [main] DEBUG org.springframework.test.context.BootstrapUtils - Instantiating TestContextBootstrapper for test class [com.springboot.blog.SpringbootBlogRestApiApplicationTests] from class [org.springframework.boot.test.context.SpringBootTestContextBootstrapper]
22:11:24.427 [main] INFO org.springframework.boot.test.context.SpringBootTestContextBootstrapper - Neither @ContextConfiguration nor @ContextHierarchy found for test class [com.springboot.blog.SpringbootBlogRestApiApplicationTests], using SpringBootContextLoader
22:11:24.436 [main] DEBUG org.springframework.test.context.support.AbstractContextLoader - Did not detect default resource location for test class [com.springboot.blog.SpringbootBlogRestApiApplicationTests]: class path resource [com/springboot/blog/SpringbootBlogRestApiApplicationTests-context.xml] does not exist
22:11:24.437 [main] DEBUG org.springframework.test.context.support.AbstractContextLoader - Did not detect default resource location for test class [com.springboot.blog.SpringbootBlogRestApiApplicationTests]: class path resource [com/springboot/blog/SpringbootBlogRestApiApplicationTestsContext.groovy] does not exist
22:11:24.438 [main] INFO org.springframework.test.context.support.AbstractContextLoader - Could not detect default resource locations for test class [com.springboot.blog.SpringbootBlogRestApiApplicationTests]: no resource found for suffixes {-context.xml, Context.groovy}.
22:11:24.439 [main] INFO org.springframework.test.context.support.AnnotationConfigContextLoaderUtils - Could not detect default configuration classes for test class [com.springboot.blog.SpringbootBlogRestApiApplicationTests]: SpringbootBlogRestApiApplicationTests does not declare any static, non-private, non-final, nested classes annotated with @Configuration.
22:11:24.548 [main] DEBUG org.springframework.test.context.support.ActiveProfilesUtils - Could not find an 'annotation declaring class' for annotation type [org.springframework.test.context.ActiveProfiles] and class [com.springboot.blog.SpringbootBlogRestApiApplicationTests]
22:11:24.711 [main] DEBUG org.springframework.test.context.BootstrapUtils - Instantiating CacheAwareContextLoaderDelegate from class [org.springframework.test.context.cache.DefaultCacheAwareContextLoaderDelegate]
22:11:24.711 [main] DEBUG org.springframework.test.context.BootstrapUtils - Instantiating BootstrapContext using constructor [public org.springframework.test.context.support.DefaultBootstrapContext(java.lang.Class,org.springframework.test.context.CacheAwareContextLoaderDelegate)]
22:11:24.714 [main] DEBUG org.springframework.test.context.BootstrapUtils - Instantiating TestContextBootstrapper for test class [com.springboot.blog.SpringbootBlogRestApiApplicationTests] from class [org.springframework.boot.test.context.SpringBootTestContextBootstrapper]
22:11:24.715 [main] INFO org.springframework.boot.test.context.SpringBootTestContextBootstrapper - Neither @ContextConfiguration nor @ContextHierarchy found for test class [com.springboot.blog.SpringbootBlogRestApiApplicationTests], using SpringBootContextLoader
22:11:24.717 [main] DEBUG org.springframework.test.context.support.AbstractContextLoader - Did not detect default resource location for test class [com.springboot.blog.SpringbootBlogRestApiApplicationTests]: class path resource [com/springboot/blog/SpringbootBlogRestApiApplicationTests-context.xml] does not exist
22:11:24.718 [main] DEBUG org.springframework.test.context.support.AbstractContextLoader - Did not detect default resource location for test class [com.springboot.blog.SpringbootBlogRestApiApplicationTests]: class path resource [com/springboot/blog/SpringbootBlogRestApiApplicationTestsContext.groovy] does not exist
22:11:24.721 [main] INFO org.springframework.test.context.support.AbstractContextLoader - Could not detect default resource locations for test class [com.springboot.blog.SpringbootBlogRestApiApplicationTests]: no resource found for suffixes {-context.xml, Context.groovy}.
22:11:24.723 [main] INFO org.springframework.test.context.support.AnnotationConfigContextLoaderUtils - Could not detect default configuration classes for test class [com.springboot.blog.SpringbootBlogRestApiApplicationTests]: SpringbootBlogRestApiApplicationTests does not declare any static, non-private, non-final, nested classes annotated with @Configuration.
22:11:24.733 [main] DEBUG org.springframework.test.context.support.ActiveProfilesUtils - Could not find an 'annotation declaring class' for annotation type [org.springframework.test.context.ActiveProfiles] and class [com.springboot.blog.SpringbootBlogRestApiApplicationTests]
22:11:24.821 [main] DEBUG org.springframework.test.context.BootstrapUtils - Instantiating CacheAwareContextLoaderDelegate from class [org.springframework.test.context.cache.DefaultCacheAwareContextLoaderDelegate]
22:11:24.821 [main] DEBUG org.springframework.test.context.BootstrapUtils - Instantiating BootstrapContext using constructor [public org.springframework.test.context.support.DefaultBootstrapContext(java.lang.Class,org.springframework.test.context.CacheAwareContextLoaderDelegate)]
22:11:24.825 [main] DEBUG org.springframework.test.context.BootstrapUtils - Instantiating TestContextBootstrapper for test class [com.springboot.blog.SpringbootBlogRestApiApplicationTests] from class [org.springframework.boot.test.context.SpringBootTestContextBootstrapper]
22:11:24.830 [main] INFO org.springframework.boot.test.context.SpringBootTestContextBootstrapper - Neither @ContextConfiguration nor @ContextHierarchy found for test class [com.springboot.blog.SpringbootBlogRestApiApplicationTests], using SpringBootContextLoader
22:11:24.832 [main] DEBUG org.springframework.test.context.support.AbstractContextLoader - Did not detect default resource location for test class [com.springboot.blog.SpringbootBlogRestApiApplicationTests]: class path resource [com/springboot/blog/SpringbootBlogRestApiApplicationTests-context.xml] does not exist
22:11:24.834 [main] DEBUG org.springframework.test.context.support.AbstractContextLoader - Did not detect default resource location for test class [com.springboot.blog.SpringbootBlogRestApiApplicationTests]: class path resource [com/springboot/blog/SpringbootBlogRestApiApplicationTestsContext.groovy] does not exist
22:11:24.836 [main] INFO org.springframework.test.context.support.AbstractContextLoader - Could not detect default resource locations for test class [com.springboot.blog.SpringbootBlogRestApiApplicationTests]: no resource found for suffixes {-context.xml, Context.groovy}.
22:11:24.837 [main] INFO org.springframework.test.context.support.AnnotationConfigContextLoaderUtils - Could not detect default configuration classes for test class [com.springboot.blog.SpringbootBlogRestApiApplicationTests]: SpringbootBlogRestApiApplicationTests does not declare any static, non-private, non-final, nested classes annotated with @Configuration.
22:11:24.850 [main] DEBUG org.springframework.test.context.support.ActiveProfilesUtils - Could not find an 'annotation declaring class' for annotation type [org.springframework.test.context.ActiveProfiles] and class [com.springboot.blog.SpringbootBlogRestApiApplicationTests]
]]></system-out>
  </testcase>
</testsuite>